<?xml version="1.0" encoding="UTF-8"?>
<testng-results skipped="0" failed="1" ignored="0" total="3" passed="2">
  <reporter-output>
  </reporter-output>
  <suite name="Default suite" duration-ms="19461" started-at="2020-06-24T11:31:48Z" finished-at="2020-06-24T11:32:07Z">
    <groups>
    </groups>
    <test name="Default test" duration-ms="19461" started-at="2020-06-24T11:31:48Z" finished-at="2020-06-24T11:32:07Z">
      <class name="testCases.TestCase_001">
        <test-method status="PASS" signature="launchBrowser()[pri:0, instance:testCases.TestCase_001@3159c4b8]" name="launchBrowser" is-config="true" duration-ms="10447" started-at="2020-06-24T11:31:48Z" finished-at="2020-06-24T11:31:58Z">
          <reporter-output>
          </reporter-output>
        </test-method> <!-- launchBrowser -->
        <test-method status="PASS" signature="webActivity()[pri:0, instance:testCases.TestCase_001@3159c4b8]" name="webActivity" duration-ms="4311" started-at="2020-06-24T11:31:58Z" finished-at="2020-06-24T11:32:02Z">
          <reporter-output>
          </reporter-output>
        </test-method> <!-- webActivity -->
        <test-method status="PASS" signature="getGameCollection(java.lang.String, java.lang.String)[pri:1, instance:testCases.TestCase_001@3159c4b8]" name="getGameCollection" duration-ms="3079" started-at="2020-06-24T11:32:02Z" data-provider="getData" finished-at="2020-06-24T11:32:06Z">
          <params>
            <param index="0">
              <value>
                <![CDATA[results]]>
              </value>
            </param>
            <param index="1">
              <value>
                <![CDATA[425103]]>
              </value>
            </param>
          </params>
          <reporter-output>
          </reporter-output>
        </test-method> <!-- getGameCollection -->
        <test-method status="FAIL" signature="getGameCollection(java.lang.String, java.lang.String)[pri:1, instance:testCases.TestCase_001@3159c4b8]" name="getGameCollection" duration-ms="501" started-at="2020-06-24T11:32:06Z" data-provider="getData" finished-at="2020-06-24T11:32:06Z">
          <params>
            <param index="0">
              <value>
                <![CDATA[results]]>
              </value>
            </param>
            <param index="1">
              <value>
                <![CDATA[423976]]>
              </value>
            </param>
          </params>
          <exception class="java.lang.AssertionError">
            <message>
              <![CDATA[expected [Moderate in-game text - needs crib sheet or paste ups] but found [Some necessary text - easily memorized or small crib sheet]]]>
            </message>
            <full-stacktrace>
              <![CDATA[java.lang.AssertionError: expected [Moderate in-game text - needs crib sheet or paste ups] but found [Some necessary text - easily memorized or small crib sheet]
at org.testng.Assert.fail(Assert.java:96)
at org.testng.Assert.failNotEquals(Assert.java:776)
at org.testng.Assert.assertEqualsImpl(Assert.java:137)
at org.testng.Assert.assertEquals(Assert.java:118)
at org.testng.Assert.assertEquals(Assert.java:453)
at org.testng.Assert.assertEquals(Assert.java:463)
at testCases.TestCase_001.getGameCollection(TestCase_001.java:84)
at sun.reflect.NativeMethodAccessorImpl.invoke0(Native Method)
at sun.reflect.NativeMethodAccessorImpl.invoke(Unknown Source)
at sun.reflect.DelegatingMethodAccessorImpl.invoke(Unknown Source)
at java.lang.reflect.Method.invoke(Unknown Source)
at org.testng.internal.MethodInvocationHelper.invokeMethod(MethodInvocationHelper.java:124)
at org.testng.internal.Invoker.invokeMethod(Invoker.java:583)
at org.testng.internal.Invoker.invokeTestMethod(Invoker.java:719)
at org.testng.internal.Invoker.invokeTestMethods(Invoker.java:989)
at org.testng.internal.TestMethodWorker.invokeTestMethods(TestMethodWorker.java:125)
at org.testng.internal.TestMethodWorker.run(TestMethodWorker.java:109)
at org.testng.TestRunner.privateRun(TestRunner.java:648)
at org.testng.TestRunner.run(TestRunner.java:505)
at org.testng.SuiteRunner.runTest(SuiteRunner.java:455)
at org.testng.SuiteRunner.runSequentially(SuiteRunner.java:450)
at org.testng.SuiteRunner.privateRun(SuiteRunner.java:415)
at org.testng.SuiteRunner.run(SuiteRunner.java:364)
at org.testng.SuiteRunnerWorker.runSuite(SuiteRunnerWorker.java:52)
at org.testng.SuiteRunnerWorker.run(SuiteRunnerWorker.java:84)
at org.testng.TestNG.runSuitesSequentially(TestNG.java:1208)
at org.testng.TestNG.runSuitesLocally(TestNG.java:1137)
at org.testng.TestNG.runSuites(TestNG.java:1049)
at org.testng.TestNG.run(TestNG.java:1017)
at org.testng.remote.AbstractRemoteTestNG.run(AbstractRemoteTestNG.java:114)
at org.testng.remote.RemoteTestNG.initAndRun(RemoteTestNG.java:251)
at org.testng.remote.RemoteTestNG.main(RemoteTestNG.java:77)
]]>
            </full-stacktrace>
          </exception> <!-- java.lang.AssertionError -->
          <reporter-output>
          </reporter-output>
        </test-method> <!-- getGameCollection -->
        <test-method status="PASS" signature="closeBrowser()[pri:0, instance:testCases.TestCase_001@3159c4b8]" name="closeBrowser" is-config="true" duration-ms="1092" started-at="2020-06-24T11:32:06Z" finished-at="2020-06-24T11:32:07Z">
          <reporter-output>
          </reporter-output>
        </test-method> <!-- closeBrowser -->
      </class> <!-- testCases.TestCase_001 -->
    </test> <!-- Default test -->
  </suite> <!-- Default suite -->
</testng-results>
